<?xml version="1.0" encoding="UTF-8"?>
<coverage generated="1588349252671" clover="3.2.0">
  <project timestamp="1588349252672" name="All files">
    <metrics statements="20" coveredstatements="14" conditionals="14" coveredconditionals="7" methods="7" coveredmethods="3" elements="41" coveredelements="24" complexity="0" loc="20" ncloc="20" packages="2" files="3" classes="3"/>
    <package name="config">
      <metrics statements="1" coveredstatements="1" conditionals="14" coveredconditionals="7" methods="0" coveredmethods="0"/>
      <file name="index.js" path="/Users/silanka/Sites/practice/testApp/server/config/index.js">
        <metrics statements="1" coveredstatements="1" conditionals="14" coveredconditionals="7" methods="0" coveredmethods="0"/>
        <line num="3" count="1" type="stmt"/>
      </file>
    </package>
    <package name="models">
      <metrics statements="19" coveredstatements="13" conditionals="0" coveredconditionals="0" methods="7" coveredmethods="3"/>
      <file name="PasswordReset.js" path="/Users/silanka/Sites/practice/testApp/server/models/PasswordReset.js">
        <metrics statements="1" coveredstatements="1" conditionals="0" coveredconditionals="0" methods="0" coveredmethods="0"/>
        <line num="3" count="1" type="stmt"/>
      </file>
      <file name="User.js" path="/Users/silanka/Sites/practice/testApp/server/models/User.js">
        <metrics statements="18" coveredstatements="12" conditionals="0" coveredconditionals="0" methods="7" coveredmethods="3"/>
        <line num="9" count="1" type="stmt"/>
        <line num="25" count="1" type="stmt"/>
        <line num="26" count="1" type="stmt"/>
        <line num="27" count="1" type="stmt"/>
        <line num="35" count="1" type="stmt"/>
        <line num="36" count="1" type="stmt"/>
        <line num="44" count="1" type="stmt"/>
        <line num="45" count="0" type="stmt"/>
        <line num="53" count="1" type="stmt"/>
        <line num="54" count="0" type="stmt"/>
        <line num="62" count="1" type="stmt"/>
        <line num="63" count="1" type="stmt"/>
        <line num="78" count="1" type="stmt"/>
        <line num="79" count="0" type="stmt"/>
        <line num="81" count="0" type="stmt"/>
        <line num="87" count="0" type="stmt"/>
        <line num="95" count="1" type="stmt"/>
        <line num="96" count="0" type="stmt"/>
      </file>
    </package>
  </project>
</coverage>
