{"/Users/silanka/Sites/practice/testApp/server/config/index.js": {"path":"/Users/silanka/Sites/practice/testApp/server/config/index.js","statementMap":{"0":{"start":{"line":3,"column":0},"end":{"line":3,"column":15}}},"fnMap":{},"branchMap":{"0":{"loc":{"start":{"line":6,"column":9},"end":{"line":6,"column":55}},"type":"binary-expr","locations":[{"start":{"line":6,"column":9},"end":{"line":6,"column":28}},{"start":{"line":6,"column":32},"end":{"line":6,"column":55}}],"line":6},"1":{"loc":{"start":{"line":7,"column":10},"end":{"line":7,"column":34}},"type":"binary-expr","locations":[{"start":{"line":7,"column":10},"end":{"line":7,"column":26}},{"start":{"line":7,"column":30},"end":{"line":7,"column":34}}],"line":7},"2":{"loc":{"start":{"line":8,"column":17},"end":{"line":8,"column":54}},"type":"binary-expr","locations":[{"start":{"line":8,"column":17},"end":{"line":8,"column":37}},{"start":{"line":8,"column":41},"end":{"line":8,"column":54}}],"line":8},"3":{"loc":{"start":{"line":12,"column":12},"end":{"line":13,"column":49}},"type":"binary-expr","locations":[{"start":{"line":12,"column":12},"end":{"line":12,"column":48}},{"start":{"line":13,"column":12},"end":{"line":13,"column":49}}],"line":12},"4":{"loc":{"start":{"line":15,"column":12},"end":{"line":16,"column":60}},"type":"binary-expr","locations":[{"start":{"line":15,"column":12},"end":{"line":15,"column":47}},{"start":{"line":16,"column":12},"end":{"line":16,"column":60}}],"line":15},"5":{"loc":{"start":{"line":18,"column":12},"end":{"line":19,"column":54}},"type":"binary-expr","locations":[{"start":{"line":18,"column":12},"end":{"line":18,"column":41}},{"start":{"line":19,"column":12},"end":{"line":19,"column":54}}],"line":18},"6":{"loc":{"start":{"line":22,"column":15},"end":{"line":22,"column":47}},"type":"binary-expr","locations":[{"start":{"line":22,"column":15},"end":{"line":22,"column":37}},{"start":{"line":22,"column":41},"end":{"line":22,"column":47}}],"line":22}},"s":{"0":1},"f":{},"b":{"0":[1,0],"1":[1,0],"2":[1,0],"3":[1,0],"4":[1,0],"5":[1,0],"6":[1,0]},"_coverageSchema":"1a1c01bbd47fc00a2c39e90264f33305004495a9","hash":"f969540b88cbee798e72ed259ce6f1ad035e1665"}
,"/Users/silanka/Sites/practice/testApp/server/models/PasswordReset.js": {"path":"/Users/silanka/Sites/practice/testApp/server/models/PasswordReset.js","statementMap":{"0":{"start":{"line":3,"column":35},"end":{"line":7,"column":2}}},"fnMap":{},"branchMap":{},"s":{"0":1},"f":{},"b":{},"_coverageSchema":"1a1c01bbd47fc00a2c39e90264f33305004495a9","hash":"ee09768c005f5c65086a33920cf77ca3435fb563"}
,"/Users/silanka/Sites/practice/testApp/server/models/User.js": {"path":"/Users/silanka/Sites/practice/testApp/server/models/User.js","statementMap":{"0":{"start":{"line":9,"column":26},"end":{"line":17,"column":2}},"1":{"start":{"line":25,"column":0},"end":{"line":28,"column":2}},"2":{"start":{"line":26,"column":4},"end":{"line":26,"column":50}},"3":{"start":{"line":27,"column":4},"end":{"line":27,"column":51}},"4":{"start":{"line":35,"column":0},"end":{"line":37,"column":2}},"5":{"start":{"line":36,"column":4},"end":{"line":36,"column":43}},"6":{"start":{"line":44,"column":0},"end":{"line":46,"column":1}},"7":{"start":{"line":45,"column":4},"end":{"line":45,"column":54}},"8":{"start":{"line":53,"column":0},"end":{"line":55,"column":1}},"9":{"start":{"line":54,"column":4},"end":{"line":54,"column":55}},"10":{"start":{"line":62,"column":0},"end":{"line":71,"column":1}},"11":{"start":{"line":63,"column":4},"end":{"line":70,"column":15}},"12":{"start":{"line":78,"column":0},"end":{"line":88,"column":1}},"13":{"start":{"line":79,"column":18},"end":{"line":79,"column":43}},"14":{"start":{"line":81,"column":4},"end":{"line":85,"column":6}},"15":{"start":{"line":87,"column":4},"end":{"line":87,"column":45}},"16":{"start":{"line":95,"column":0},"end":{"line":104,"column":1}},"17":{"start":{"line":96,"column":4},"end":{"line":103,"column":15}}},"fnMap":{"0":{"name":"(anonymous_0)","decl":{"start":{"line":25,"column":23},"end":{"line":25,"column":24}},"loc":{"start":{"line":25,"column":40},"end":{"line":28,"column":1}},"line":25},"1":{"name":"(anonymous_1)","decl":{"start":{"line":35,"column":24},"end":{"line":35,"column":25}},"loc":{"start":{"line":35,"column":41},"end":{"line":37,"column":1}},"line":35},"2":{"name":"(anonymous_2)","decl":{"start":{"line":44,"column":38},"end":{"line":44,"column":39}},"loc":{"start":{"line":44,"column":57},"end":{"line":46,"column":1}},"line":44},"3":{"name":"(anonymous_3)","decl":{"start":{"line":53,"column":35},"end":{"line":53,"column":36}},"loc":{"start":{"line":53,"column":46},"end":{"line":55,"column":1}},"line":53},"4":{"name":"(anonymous_4)","decl":{"start":{"line":62,"column":48},"end":{"line":62,"column":49}},"loc":{"start":{"line":62,"column":59},"end":{"line":71,"column":1}},"line":62},"5":{"name":"(anonymous_5)","decl":{"start":{"line":78,"column":36},"end":{"line":78,"column":37}},"loc":{"start":{"line":78,"column":53},"end":{"line":88,"column":1}},"line":78},"6":{"name":"(anonymous_6)","decl":{"start":{"line":95,"column":45},"end":{"line":95,"column":46}},"loc":{"start":{"line":95,"column":67},"end":{"line":104,"column":1}},"line":95}},"branchMap":{},"s":{"0":1,"1":1,"2":1,"3":1,"4":1,"5":1,"6":1,"7":0,"8":1,"9":0,"10":1,"11":1,"12":1,"13":0,"14":0,"15":0,"16":1,"17":0},"f":{"0":1,"1":1,"2":0,"3":0,"4":1,"5":0,"6":0},"b":{},"_coverageSchema":"1a1c01bbd47fc00a2c39e90264f33305004495a9","hash":"0d9f52abfdcd78cadc65e2d3bd2516201ed16a80"}
}
