TN:
SF:server/config/index.js
FNF:0
FNH:0
DA:3,1
LF:1
LH:1
BRDA:6,0,0,1
BRDA:6,0,1,0
BRDA:7,1,0,1
BRDA:7,1,1,0
BRDA:8,2,0,1
BRDA:8,2,1,0
BRDA:12,3,0,1
BRDA:12,3,1,0
BRDA:15,4,0,1
BRDA:15,4,1,0
BRDA:18,5,0,1
BRDA:18,5,1,0
BRDA:22,6,0,1
BRDA:22,6,1,0
BRF:14
BRH:7
end_of_record
TN:
SF:server/models/PasswordReset.js
FNF:0
FNH:0
DA:3,1
LF:1
LH:1
BRF:0
BRH:0
end_of_record
TN:
SF:server/models/User.js
FN:25,(anonymous_0)
FN:35,(anonymous_1)
FN:44,(anonymous_2)
FN:53,(anonymous_3)
FN:62,(anonymous_4)
FN:78,(anonymous_5)
FN:95,(anonymous_6)
FNF:7
FNH:3
FNDA:1,(anonymous_0)
FNDA:1,(anonymous_1)
FNDA:0,(anonymous_2)
FNDA:0,(anonymous_3)
FNDA:1,(anonymous_4)
FNDA:0,(anonymous_5)
FNDA:0,(anonymous_6)
DA:9,1
DA:25,1
DA:26,1
DA:27,1
DA:35,1
DA:36,1
DA:44,1
DA:45,0
DA:53,1
DA:54,0
DA:62,1
DA:63,1
DA:78,1
DA:79,0
DA:81,0
DA:87,0
DA:95,1
DA:96,0
LF:18
LH:12
BRF:0
BRH:0
end_of_record
